[2018-03-01 22:01:25] production.ERROR: exception 'PDOException' with message 'SQLSTATE[HY000] [1044] Access denied for user ''@'localhost' to database 'forge'' in C:\xampp\htdocs\Furbook\vendor\laravel\framework\src\Illuminate\Database\Connectors\Connector.php:47
Stack trace:
#0 C:\xampp\htdocs\Furbook\vendor\laravel\framework\src\Illuminate\Database\Connectors\Connector.php(47): PDO->__construct('mysql:host=loca...', 'forge', '', Array)
#1 C:\xampp\htdocs\Furbook\vendor\laravel\framework\src\Illuminate\Database\Connectors\MySqlConnector.php(20): Illuminate\Database\Connectors\Connector->createConnection('mysql:host=loca...', Array, Array)
#2 C:\xampp\htdocs\Furbook\vendor\compiled.php(10992): Illuminate\Database\Connectors\MySqlConnector->connect(Array)
#3 C:\xampp\htdocs\Furbook\vendor\compiled.php(10988): Illuminate\Database\Connectors\ConnectionFactory->createSingleConnection(Array)
#4 C:\xampp\htdocs\Furbook\vendor\compiled.php(10904): Illuminate\Database\Connectors\ConnectionFactory->make(Array, 'mysql')
#5 C:\xampp\htdocs\Furbook\vendor\compiled.php(10859): Illuminate\Database\DatabaseManager->makeConnection('mysql')
#6 C:\xampp\htdocs\Furbook\vendor\compiled.php(10737): Illuminate\Database\DatabaseManager->connection(NULL)
#7 C:\xampp\htdocs\Furbook\vendor\compiled.php(10724): Illuminate\Database\Eloquent\Model::resolveConnection(NULL)
#8 C:\xampp\htdocs\Furbook\vendor\compiled.php(10213): Illuminate\Database\Eloquent\Model->getConnection()
#9 C:\xampp\htdocs\Furbook\vendor\compiled.php(10190): Illuminate\Database\Eloquent\Model->newBaseQueryBuilder()
#10 C:\xampp\htdocs\Furbook\vendor\compiled.php(10180): Illuminate\Database\Eloquent\Model->newQueryWithoutScopes()
#11 C:\xampp\htdocs\Furbook\vendor\compiled.php(9735): Illuminate\Database\Eloquent\Model->newQuery()
#12 C:\xampp\htdocs\Furbook\app\Http\routes.php(10): Illuminate\Database\Eloquent\Model::all()
#13 [internal function]: Furbook\Providers\RouteServiceProvider->{closure}()
#14 C:\xampp\htdocs\Furbook\vendor\compiled.php(7564): call_user_func_array(Object(Closure), Array)
#15 C:\xampp\htdocs\Furbook\vendor\compiled.php(7551): Illuminate\Routing\Route->runCallable(Object(Illuminate\Http\Request))
#16 C:\xampp\htdocs\Furbook\vendor\compiled.php(7219): Illuminate\Routing\Route->run(Object(Illuminate\Http\Request))
#17 [internal function]: Illuminate\Routing\Router->Illuminate\Routing\{closure}(Object(Illuminate\Http\Request))
#18 C:\xampp\htdocs\Furbook\vendor\compiled.php(9244): call_user_func(Object(Closure), Object(Illuminate\Http\Request))
#19 [internal function]: Illuminate\Pipeline\Pipeline->Illuminate\Pipeline\{closure}(Object(Illuminate\Http\Request))
#20 C:\xampp\htdocs\Furbook\vendor\compiled.php(9227): call_user_func(Object(Closure), Object(Illuminate\Http\Request))
#21 C:\xampp\htdocs\Furbook\vendor\compiled.php(7220): Illuminate\Pipeline\Pipeline->then(Object(Closure))
#22 C:\xampp\htdocs\Furbook\vendor\compiled.php(7209): Illuminate\Routing\Router->runRouteWithinStack(Object(Illuminate\Routing\Route), Object(Illuminate\Http\Request))
#23 C:\xampp\htdocs\Furbook\vendor\compiled.php(7194): Illuminate\Routing\Router->dispatchToRoute(Object(Illuminate\Http\Request))
#24 C:\xampp\htdocs\Furbook\vendor\compiled.php(2040): Illuminate\Routing\Router->dispatch(Object(Illuminate\Http\Request))
#25 [internal function]: Illuminate\Foundation\Http\Kernel->Illuminate\Foundation\Http\{closure}(Object(Illuminate\Http\Request))
#26 C:\xampp\htdocs\Furbook\vendor\compiled.php(9244): call_user_func(Object(Closure), Object(Illuminate\Http\Request))
#27 C:\xampp\htdocs\Furbook\vendor\compiled.php(2548): Illuminate\Pipeline\Pipeline->Illuminate\Pipeline\{closure}(Object(Illuminate\Http\Request))
#28 C:\xampp\htdocs\Furbook\app\Http\Middleware\VerifyCsrfToken.php(17): Illuminate\Foundation\Http\Middleware\VerifyCsrfToken->handle(Object(Illuminate\Http\Request), Object(Closure))
#29 C:\xampp\htdocs\Furbook\vendor\compiled.php(9236): Furbook\Http\Middleware\VerifyCsrfToken->handle(Object(Illuminate\Http\Request), Object(Closure))
#30 C:\xampp\htdocs\Furbook\vendor\compiled.php(12416): Illuminate\Pipeline\Pipeline->Illuminate\Pipeline\{closure}(Object(Illuminate\Http\Request))
#31 C:\xampp\htdocs\Furbook\vendor\compiled.php(9236): Illuminate\View\Middleware\ShareErrorsFromSession->handle(Object(Illuminate\Http\Request), Object(Closure))
#32 C:\xampp\htdocs\Furbook\vendor\compiled.php(11106): Illuminate\Pipeline\Pipeline->Illuminate\Pipeline\{closure}(Object(Illuminate\Http\Request))
#33 C:\xampp\htdocs\Furbook\vendor\compiled.php(9236): Illuminate\Session\Middleware\StartSession->handle(Object(Illuminate\Http\Request), Object(Closure))
#34 C:\xampp\htdocs\Furbook\vendor\compiled.php(12118): Illuminate\Pipeline\Pipeline->Illuminate\Pipeline\{closure}(Object(Illuminate\Http\Request))
#35 C:\xampp\htdocs\Furbook\vendor\compiled.php(9236): Illuminate\Cookie\Middleware\AddQueuedCookiesToResponse->handle(Object(Illuminate\Http\Request), Object(Closure))
#36 C:\xampp\htdocs\Furbook\vendor\compiled.php(12066): Illuminate\Pipeline\Pipeline->Illuminate\Pipeline\{closure}(Object(Illuminate\Http\Request))
#37 C:\xampp\htdocs\Furbook\vendor\compiled.php(9236): Illuminate\Cookie\Middleware\EncryptCookies->handle(Object(Illuminate\Http\Request), Object(Closure))
#38 C:\xampp\htdocs\Furbook\vendor\compiled.php(2589): Illuminate\Pipeline\Pipeline->Illuminate\Pipeline\{closure}(Object(Illuminate\Http\Request))
#39 C:\xampp\htdocs\Furbook\vendor\compiled.php(9236): Illuminate\Foundation\Http\Middleware\CheckForMaintenanceMode->handle(Object(Illuminate\Http\Request), Object(Closure))
#40 [internal function]: Illuminate\Pipeline\Pipeline->Illuminate\Pipeline\{closure}(Object(Illuminate\Http\Request))
#41 C:\xampp\htdocs\Furbook\vendor\compiled.php(9227): call_user_func(Object(Closure), Object(Illuminate\Http\Request))
#42 C:\xampp\htdocs\Furbook\vendor\compiled.php(1996): Illuminate\Pipeline\Pipeline->then(Object(Closure))
#43 C:\xampp\htdocs\Furbook\vendor\compiled.php(1983): Illuminate\Foundation\Http\Kernel->sendRequestThroughRouter(Object(Illuminate\Http\Request))
#44 C:\xampp\htdocs\Furbook\public\index.php(53): Illuminate\Foundation\Http\Kernel->handle(Object(Illuminate\Http\Request))
#45 {main}  
[2018-03-01 22:02:01] production.ERROR: exception 'PDOException' with message 'SQLSTATE[HY000] [1044] Access denied for user ''@'localhost' to database 'forge'' in C:\xampp\htdocs\Furbook\vendor\laravel\framework\src\Illuminate\Database\Connectors\Connector.php:47
Stack trace:
#0 C:\xampp\htdocs\Furbook\vendor\laravel\framework\src\Illuminate\Database\Connectors\Connector.php(47): PDO->__construct('mysql:host=loca...', 'forge', '', Array)
#1 C:\xampp\htdocs\Furbook\vendor\laravel\framework\src\Illuminate\Database\Connectors\MySqlConnector.php(20): Illuminate\Database\Connectors\Connector->createConnection('mysql:host=loca...', Array, Array)
#2 C:\xampp\htdocs\Furbook\vendor\compiled.php(10992): Illuminate\Database\Connectors\MySqlConnector->connect(Array)
#3 C:\xampp\htdocs\Furbook\vendor\compiled.php(10988): Illuminate\Database\Connectors\ConnectionFactory->createSingleConnection(Array)
#4 C:\xampp\htdocs\Furbook\vendor\compiled.php(10904): Illuminate\Database\Connectors\ConnectionFactory->make(Array, 'mysql')
#5 C:\xampp\htdocs\Furbook\vendor\compiled.php(10859): Illuminate\Database\DatabaseManager->makeConnection('mysql')
#6 C:\xampp\htdocs\Furbook\vendor\compiled.php(10737): Illuminate\Database\DatabaseManager->connection(NULL)
#7 C:\xampp\htdocs\Furbook\vendor\compiled.php(10724): Illuminate\Database\Eloquent\Model::resolveConnection(NULL)
#8 C:\xampp\htdocs\Furbook\vendor\compiled.php(10213): Illuminate\Database\Eloquent\Model->getConnection()
#9 C:\xampp\htdocs\Furbook\vendor\compiled.php(10190): Illuminate\Database\Eloquent\Model->newBaseQueryBuilder()
#10 C:\xampp\htdocs\Furbook\vendor\compiled.php(10180): Illuminate\Database\Eloquent\Model->newQueryWithoutScopes()
#11 C:\xampp\htdocs\Furbook\vendor\compiled.php(9735): Illuminate\Database\Eloquent\Model->newQuery()
#12 C:\xampp\htdocs\Furbook\app\Http\routes.php(10): Illuminate\Database\Eloquent\Model::all()
#13 [internal function]: Furbook\Providers\RouteServiceProvider->{closure}()
#14 C:\xampp\htdocs\Furbook\vendor\compiled.php(7564): call_user_func_array(Object(Closure), Array)
#15 C:\xampp\htdocs\Furbook\vendor\compiled.php(7551): Illuminate\Routing\Route->runCallable(Object(Illuminate\Http\Request))
#16 C:\xampp\htdocs\Furbook\vendor\compiled.php(7219): Illuminate\Routing\Route->run(Object(Illuminate\Http\Request))
#17 [internal function]: Illuminate\Routing\Router->Illuminate\Routing\{closure}(Object(Illuminate\Http\Request))
#18 C:\xampp\htdocs\Furbook\vendor\compiled.php(9244): call_user_func(Object(Closure), Object(Illuminate\Http\Request))
#19 [internal function]: Illuminate\Pipeline\Pipeline->Illuminate\Pipeline\{closure}(Object(Illuminate\Http\Request))
#20 C:\xampp\htdocs\Furbook\vendor\compiled.php(9227): call_user_func(Object(Closure), Object(Illuminate\Http\Request))
#21 C:\xampp\htdocs\Furbook\vendor\compiled.php(7220): Illuminate\Pipeline\Pipeline->then(Object(Closure))
#22 C:\xampp\htdocs\Furbook\vendor\compiled.php(7209): Illuminate\Routing\Router->runRouteWithinStack(Object(Illuminate\Routing\Route), Object(Illuminate\Http\Request))
#23 C:\xampp\htdocs\Furbook\vendor\compiled.php(7194): Illuminate\Routing\Router->dispatchToRoute(Object(Illuminate\Http\Request))
#24 C:\xampp\htdocs\Furbook\vendor\compiled.php(2040): Illuminate\Routing\Router->dispatch(Object(Illuminate\Http\Request))
#25 [internal function]: Illuminate\Foundation\Http\Kernel->Illuminate\Foundation\Http\{closure}(Object(Illuminate\Http\Request))
#26 C:\xampp\htdocs\Furbook\vendor\compiled.php(9244): call_user_func(Object(Closure), Object(Illuminate\Http\Request))
#27 C:\xampp\htdocs\Furbook\vendor\compiled.php(2548): Illuminate\Pipeline\Pipeline->Illuminate\Pipeline\{closure}(Object(Illuminate\Http\Request))
#28 C:\xampp\htdocs\Furbook\app\Http\Middleware\VerifyCsrfToken.php(17): Illuminate\Foundation\Http\Middleware\VerifyCsrfToken->handle(Object(Illuminate\Http\Request), Object(Closure))
#29 C:\xampp\htdocs\Furbook\vendor\compiled.php(9236): Furbook\Http\Middleware\VerifyCsrfToken->handle(Object(Illuminate\Http\Request), Object(Closure))
#30 C:\xampp\htdocs\Furbook\vendor\compiled.php(12416): Illuminate\Pipeline\Pipeline->Illuminate\Pipeline\{closure}(Object(Illuminate\Http\Request))
#31 C:\xampp\htdocs\Furbook\vendor\compiled.php(9236): Illuminate\View\Middleware\ShareErrorsFromSession->handle(Object(Illuminate\Http\Request), Object(Closure))
#32 C:\xampp\htdocs\Furbook\vendor\compiled.php(11106): Illuminate\Pipeline\Pipeline->Illuminate\Pipeline\{closure}(Object(Illuminate\Http\Request))
#33 C:\xampp\htdocs\Furbook\vendor\compiled.php(9236): Illuminate\Session\Middleware\StartSession->handle(Object(Illuminate\Http\Request), Object(Closure))
#34 C:\xampp\htdocs\Furbook\vendor\compiled.php(12118): Illuminate\Pipeline\Pipeline->Illuminate\Pipeline\{closure}(Object(Illuminate\Http\Request))
#35 C:\xampp\htdocs\Furbook\vendor\compiled.php(9236): Illuminate\Cookie\Middleware\AddQueuedCookiesToResponse->handle(Object(Illuminate\Http\Request), Object(Closure))
#36 C:\xampp\htdocs\Furbook\vendor\compiled.php(12066): Illuminate\Pipeline\Pipeline->Illuminate\Pipeline\{closure}(Object(Illuminate\Http\Request))
#37 C:\xampp\htdocs\Furbook\vendor\compiled.php(9236): Illuminate\Cookie\Middleware\EncryptCookies->handle(Object(Illuminate\Http\Request), Object(Closure))
#38 C:\xampp\htdocs\Furbook\vendor\compiled.php(2589): Illuminate\Pipeline\Pipeline->Illuminate\Pipeline\{closure}(Object(Illuminate\Http\Request))
#39 C:\xampp\htdocs\Furbook\vendor\compiled.php(9236): Illuminate\Foundation\Http\Middleware\CheckForMaintenanceMode->handle(Object(Illuminate\Http\Request), Object(Closure))
#40 [internal function]: Illuminate\Pipeline\Pipeline->Illuminate\Pipeline\{closure}(Object(Illuminate\Http\Request))
#41 C:\xampp\htdocs\Furbook\vendor\compiled.php(9227): call_user_func(Object(Closure), Object(Illuminate\Http\Request))
#42 C:\xampp\htdocs\Furbook\vendor\compiled.php(1996): Illuminate\Pipeline\Pipeline->then(Object(Closure))
#43 C:\xampp\htdocs\Furbook\vendor\compiled.php(1983): Illuminate\Foundation\Http\Kernel->sendRequestThroughRouter(Object(Illuminate\Http\Request))
#44 C:\xampp\htdocs\Furbook\public\index.php(53): Illuminate\Foundation\Http\Kernel->handle(Object(Illuminate\Http\Request))
#45 {main}  
[2018-03-01 22:02:13] production.ERROR: exception 'PDOException' with message 'SQLSTATE[HY000] [1044] Access denied for user ''@'localhost' to database 'forge'' in C:\xampp\htdocs\Furbook\vendor\laravel\framework\src\Illuminate\Database\Connectors\Connector.php:47
Stack trace:
#0 C:\xampp\htdocs\Furbook\vendor\laravel\framework\src\Illuminate\Database\Connectors\Connector.php(47): PDO->__construct('mysql:host=loca...', 'forge', '', Array)
#1 C:\xampp\htdocs\Furbook\vendor\laravel\framework\src\Illuminate\Database\Connectors\MySqlConnector.php(20): Illuminate\Database\Connectors\Connector->createConnection('mysql:host=loca...', Array, Array)
#2 C:\xampp\htdocs\Furbook\vendor\compiled.php(10992): Illuminate\Database\Connectors\MySqlConnector->connect(Array)
#3 C:\xampp\htdocs\Furbook\vendor\compiled.php(10988): Illuminate\Database\Connectors\ConnectionFactory->createSingleConnection(Array)
#4 C:\xampp\htdocs\Furbook\vendor\compiled.php(10904): Illuminate\Database\Connectors\ConnectionFactory->make(Array, 'mysql')
#5 C:\xampp\htdocs\Furbook\vendor\compiled.php(10859): Illuminate\Database\DatabaseManager->makeConnection('mysql')
#6 C:\xampp\htdocs\Furbook\vendor\compiled.php(10737): Illuminate\Database\DatabaseManager->connection(NULL)
#7 C:\xampp\htdocs\Furbook\vendor\compiled.php(10724): Illuminate\Database\Eloquent\Model::resolveConnection(NULL)
#8 C:\xampp\htdocs\Furbook\vendor\compiled.php(10213): Illuminate\Database\Eloquent\Model->getConnection()
#9 C:\xampp\htdocs\Furbook\vendor\compiled.php(10190): Illuminate\Database\Eloquent\Model->newBaseQueryBuilder()
#10 C:\xampp\htdocs\Furbook\vendor\compiled.php(10180): Illuminate\Database\Eloquent\Model->newQueryWithoutScopes()
#11 C:\xampp\htdocs\Furbook\vendor\compiled.php(9735): Illuminate\Database\Eloquent\Model->newQuery()
#12 C:\xampp\htdocs\Furbook\app\Http\routes.php(10): Illuminate\Database\Eloquent\Model::all()
#13 [internal function]: Furbook\Providers\RouteServiceProvider->{closure}()
#14 C:\xampp\htdocs\Furbook\vendor\compiled.php(7564): call_user_func_array(Object(Closure), Array)
#15 C:\xampp\htdocs\Furbook\vendor\compiled.php(7551): Illuminate\Routing\Route->runCallable(Object(Illuminate\Http\Request))
#16 C:\xampp\htdocs\Furbook\vendor\compiled.php(7219): Illuminate\Routing\Route->run(Object(Illuminate\Http\Request))
#17 [internal function]: Illuminate\Routing\Router->Illuminate\Routing\{closure}(Object(Illuminate\Http\Request))
#18 C:\xampp\htdocs\Furbook\vendor\compiled.php(9244): call_user_func(Object(Closure), Object(Illuminate\Http\Request))
#19 [internal function]: Illuminate\Pipeline\Pipeline->Illuminate\Pipeline\{closure}(Object(Illuminate\Http\Request))
#20 C:\xampp\htdocs\Furbook\vendor\compiled.php(9227): call_user_func(Object(Closure), Object(Illuminate\Http\Request))
#21 C:\xampp\htdocs\Furbook\vendor\compiled.php(7220): Illuminate\Pipeline\Pipeline->then(Object(Closure))
#22 C:\xampp\htdocs\Furbook\vendor\compiled.php(7209): Illuminate\Routing\Router->runRouteWithinStack(Object(Illuminate\Routing\Route), Object(Illuminate\Http\Request))
#23 C:\xampp\htdocs\Furbook\vendor\compiled.php(7194): Illuminate\Routing\Router->dispatchToRoute(Object(Illuminate\Http\Request))
#24 C:\xampp\htdocs\Furbook\vendor\compiled.php(2040): Illuminate\Routing\Router->dispatch(Object(Illuminate\Http\Request))
#25 [internal function]: Illuminate\Foundation\Http\Kernel->Illuminate\Foundation\Http\{closure}(Object(Illuminate\Http\Request))
#26 C:\xampp\htdocs\Furbook\vendor\compiled.php(9244): call_user_func(Object(Closure), Object(Illuminate\Http\Request))
#27 C:\xampp\htdocs\Furbook\vendor\compiled.php(2548): Illuminate\Pipeline\Pipeline->Illuminate\Pipeline\{closure}(Object(Illuminate\Http\Request))
#28 C:\xampp\htdocs\Furbook\app\Http\Middleware\VerifyCsrfToken.php(17): Illuminate\Foundation\Http\Middleware\VerifyCsrfToken->handle(Object(Illuminate\Http\Request), Object(Closure))
#29 C:\xampp\htdocs\Furbook\vendor\compiled.php(9236): Furbook\Http\Middleware\VerifyCsrfToken->handle(Object(Illuminate\Http\Request), Object(Closure))
#30 C:\xampp\htdocs\Furbook\vendor\compiled.php(12416): Illuminate\Pipeline\Pipeline->Illuminate\Pipeline\{closure}(Object(Illuminate\Http\Request))
#31 C:\xampp\htdocs\Furbook\vendor\compiled.php(9236): Illuminate\View\Middleware\ShareErrorsFromSession->handle(Object(Illuminate\Http\Request), Object(Closure))
#32 C:\xampp\htdocs\Furbook\vendor\compiled.php(11106): Illuminate\Pipeline\Pipeline->Illuminate\Pipeline\{closure}(Object(Illuminate\Http\Request))
#33 C:\xampp\htdocs\Furbook\vendor\compiled.php(9236): Illuminate\Session\Middleware\StartSession->handle(Object(Illuminate\Http\Request), Object(Closure))
#34 C:\xampp\htdocs\Furbook\vendor\compiled.php(12118): Illuminate\Pipeline\Pipeline->Illuminate\Pipeline\{closure}(Object(Illuminate\Http\Request))
#35 C:\xampp\htdocs\Furbook\vendor\compiled.php(9236): Illuminate\Cookie\Middleware\AddQueuedCookiesToResponse->handle(Object(Illuminate\Http\Request), Object(Closure))
#36 C:\xampp\htdocs\Furbook\vendor\compiled.php(12066): Illuminate\Pipeline\Pipeline->Illuminate\Pipeline\{closure}(Object(Illuminate\Http\Request))
#37 C:\xampp\htdocs\Furbook\vendor\compiled.php(9236): Illuminate\Cookie\Middleware\EncryptCookies->handle(Object(Illuminate\Http\Request), Object(Closure))
#38 C:\xampp\htdocs\Furbook\vendor\compiled.php(2589): Illuminate\Pipeline\Pipeline->Illuminate\Pipeline\{closure}(Object(Illuminate\Http\Request))
#39 C:\xampp\htdocs\Furbook\vendor\compiled.php(9236): Illuminate\Foundation\Http\Middleware\CheckForMaintenanceMode->handle(Object(Illuminate\Http\Request), Object(Closure))
#40 [internal function]: Illuminate\Pipeline\Pipeline->Illuminate\Pipeline\{closure}(Object(Illuminate\Http\Request))
#41 C:\xampp\htdocs\Furbook\vendor\compiled.php(9227): call_user_func(Object(Closure), Object(Illuminate\Http\Request))
#42 C:\xampp\htdocs\Furbook\vendor\compiled.php(1996): Illuminate\Pipeline\Pipeline->then(Object(Closure))
#43 C:\xampp\htdocs\Furbook\vendor\compiled.php(1983): Illuminate\Foundation\Http\Kernel->sendRequestThroughRouter(Object(Illuminate\Http\Request))
#44 C:\xampp\htdocs\Furbook\public\index.php(53): Illuminate\Foundation\Http\Kernel->handle(Object(Illuminate\Http\Request))
#45 {main}  
[2018-03-01 22:09:57] production.ERROR: exception 'PDOException' with message 'SQLSTATE[HY000] [1044] Access denied for user ''@'localhost' to database 'forge'' in C:\xampp\htdocs\Furbook\vendor\laravel\framework\src\Illuminate\Database\Connectors\Connector.php:47
Stack trace:
#0 C:\xampp\htdocs\Furbook\vendor\laravel\framework\src\Illuminate\Database\Connectors\Connector.php(47): PDO->__construct('mysql:host=loca...', 'forge', '', Array)
#1 C:\xampp\htdocs\Furbook\vendor\laravel\framework\src\Illuminate\Database\Connectors\MySqlConnector.php(20): Illuminate\Database\Connectors\Connector->createConnection('mysql:host=loca...', Array, Array)
#2 C:\xampp\htdocs\Furbook\vendor\compiled.php(10992): Illuminate\Database\Connectors\MySqlConnector->connect(Array)
#3 C:\xampp\htdocs\Furbook\vendor\compiled.php(10988): Illuminate\Database\Connectors\ConnectionFactory->createSingleConnection(Array)
#4 C:\xampp\htdocs\Furbook\vendor\compiled.php(10904): Illuminate\Database\Connectors\ConnectionFactory->make(Array, 'mysql')
#5 C:\xampp\htdocs\Furbook\vendor\compiled.php(10859): Illuminate\Database\DatabaseManager->makeConnection('mysql')
#6 C:\xampp\htdocs\Furbook\vendor\compiled.php(10737): Illuminate\Database\DatabaseManager->connection(NULL)
#7 C:\xampp\htdocs\Furbook\vendor\compiled.php(10724): Illuminate\Database\Eloquent\Model::resolveConnection(NULL)
#8 C:\xampp\htdocs\Furbook\vendor\compiled.php(10213): Illuminate\Database\Eloquent\Model->getConnection()
#9 C:\xampp\htdocs\Furbook\vendor\compiled.php(10190): Illuminate\Database\Eloquent\Model->newBaseQueryBuilder()
#10 C:\xampp\htdocs\Furbook\vendor\compiled.php(10180): Illuminate\Database\Eloquent\Model->newQueryWithoutScopes()
#11 C:\xampp\htdocs\Furbook\vendor\compiled.php(9735): Illuminate\Database\Eloquent\Model->newQuery()
#12 C:\xampp\htdocs\Furbook\app\Http\routes.php(10): Illuminate\Database\Eloquent\Model::all()
#13 [internal function]: Furbook\Providers\RouteServiceProvider->{closure}()
#14 C:\xampp\htdocs\Furbook\vendor\compiled.php(7564): call_user_func_array(Object(Closure), Array)
#15 C:\xampp\htdocs\Furbook\vendor\compiled.php(7551): Illuminate\Routing\Route->runCallable(Object(Illuminate\Http\Request))
#16 C:\xampp\htdocs\Furbook\vendor\compiled.php(7219): Illuminate\Routing\Route->run(Object(Illuminate\Http\Request))
#17 [internal function]: Illuminate\Routing\Router->Illuminate\Routing\{closure}(Object(Illuminate\Http\Request))
#18 C:\xampp\htdocs\Furbook\vendor\compiled.php(9244): call_user_func(Object(Closure), Object(Illuminate\Http\Request))
#19 [internal function]: Illuminate\Pipeline\Pipeline->Illuminate\Pipeline\{closure}(Object(Illuminate\Http\Request))
#20 C:\xampp\htdocs\Furbook\vendor\compiled.php(9227): call_user_func(Object(Closure), Object(Illuminate\Http\Request))
#21 C:\xampp\htdocs\Furbook\vendor\compiled.php(7220): Illuminate\Pipeline\Pipeline->then(Object(Closure))
#22 C:\xampp\htdocs\Furbook\vendor\compiled.php(7209): Illuminate\Routing\Router->runRouteWithinStack(Object(Illuminate\Routing\Route), Object(Illuminate\Http\Request))
#23 C:\xampp\htdocs\Furbook\vendor\compiled.php(7194): Illuminate\Routing\Router->dispatchToRoute(Object(Illuminate\Http\Request))
#24 C:\xampp\htdocs\Furbook\vendor\compiled.php(2040): Illuminate\Routing\Router->dispatch(Object(Illuminate\Http\Request))
#25 [internal function]: Illuminate\Foundation\Http\Kernel->Illuminate\Foundation\Http\{closure}(Object(Illuminate\Http\Request))
#26 C:\xampp\htdocs\Furbook\vendor\compiled.php(9244): call_user_func(Object(Closure), Object(Illuminate\Http\Request))
#27 C:\xampp\htdocs\Furbook\vendor\compiled.php(2548): Illuminate\Pipeline\Pipeline->Illuminate\Pipeline\{closure}(Object(Illuminate\Http\Request))
#28 C:\xampp\htdocs\Furbook\app\Http\Middleware\VerifyCsrfToken.php(17): Illuminate\Foundation\Http\Middleware\VerifyCsrfToken->handle(Object(Illuminate\Http\Request), Object(Closure))
#29 C:\xampp\htdocs\Furbook\vendor\compiled.php(9236): Furbook\Http\Middleware\VerifyCsrfToken->handle(Object(Illuminate\Http\Request), Object(Closure))
#30 C:\xampp\htdocs\Furbook\vendor\compiled.php(12416): Illuminate\Pipeline\Pipeline->Illuminate\Pipeline\{closure}(Object(Illuminate\Http\Request))
#31 C:\xampp\htdocs\Furbook\vendor\compiled.php(9236): Illuminate\View\Middleware\ShareErrorsFromSession->handle(Object(Illuminate\Http\Request), Object(Closure))
#32 C:\xampp\htdocs\Furbook\vendor\compiled.php(11106): Illuminate\Pipeline\Pipeline->Illuminate\Pipeline\{closure}(Object(Illuminate\Http\Request))
#33 C:\xampp\htdocs\Furbook\vendor\compiled.php(9236): Illuminate\Session\Middleware\StartSession->handle(Object(Illuminate\Http\Request), Object(Closure))
#34 C:\xampp\htdocs\Furbook\vendor\compiled.php(12118): Illuminate\Pipeline\Pipeline->Illuminate\Pipeline\{closure}(Object(Illuminate\Http\Request))
#35 C:\xampp\htdocs\Furbook\vendor\compiled.php(9236): Illuminate\Cookie\Middleware\AddQueuedCookiesToResponse->handle(Object(Illuminate\Http\Request), Object(Closure))
#36 C:\xampp\htdocs\Furbook\vendor\compiled.php(12066): Illuminate\Pipeline\Pipeline->Illuminate\Pipeline\{closure}(Object(Illuminate\Http\Request))
#37 C:\xampp\htdocs\Furbook\vendor\compiled.php(9236): Illuminate\Cookie\Middleware\EncryptCookies->handle(Object(Illuminate\Http\Request), Object(Closure))
#38 C:\xampp\htdocs\Furbook\vendor\compiled.php(2589): Illuminate\Pipeline\Pipeline->Illuminate\Pipeline\{closure}(Object(Illuminate\Http\Request))
#39 C:\xampp\htdocs\Furbook\vendor\compiled.php(9236): Illuminate\Foundation\Http\Middleware\CheckForMaintenanceMode->handle(Object(Illuminate\Http\Request), Object(Closure))
#40 [internal function]: Illuminate\Pipeline\Pipeline->Illuminate\Pipeline\{closure}(Object(Illuminate\Http\Request))
#41 C:\xampp\htdocs\Furbook\vendor\compiled.php(9227): call_user_func(Object(Closure), Object(Illuminate\Http\Request))
#42 C:\xampp\htdocs\Furbook\vendor\compiled.php(1996): Illuminate\Pipeline\Pipeline->then(Object(Closure))
#43 C:\xampp\htdocs\Furbook\vendor\compiled.php(1983): Illuminate\Foundation\Http\Kernel->sendRequestThroughRouter(Object(Illuminate\Http\Request))
#44 C:\xampp\htdocs\Furbook\public\index.php(53): Illuminate\Foundation\Http\Kernel->handle(Object(Illuminate\Http\Request))
#45 {main}  
[2018-03-01 22:10:42] local.ERROR: exception 'PDOException' with message 'SQLSTATE[42S02]: Base table or view not found: 1146 Table 'laressentials.cats' doesn't exist' in C:\xampp\htdocs\Furbook\vendor\laravel\framework\src\Illuminate\Database\Connection.php:292
Stack trace:
#0 C:\xampp\htdocs\Furbook\vendor\laravel\framework\src\Illuminate\Database\Connection.php(292): PDO->prepare('select * from `...')
#1 C:\xampp\htdocs\Furbook\vendor\laravel\framework\src\Illuminate\Database\Connection.php(616): Illuminate\Database\Connection->Illuminate\Database\{closure}(Object(Illuminate\Database\MySqlConnection), 'select * from `...', Array)
#2 C:\xampp\htdocs\Furbook\vendor\laravel\framework\src\Illuminate\Database\Connection.php(580): Illuminate\Database\Connection->runQueryCallback('select * from `...', Array, Object(Closure))
#3 C:\xampp\htdocs\Furbook\vendor\laravel\framework\src\Illuminate\Database\Connection.php(297): Illuminate\Database\Connection->run('select * from `...', Array, Object(Closure))
#4 C:\xampp\htdocs\Furbook\vendor\laravel\framework\src\Illuminate\Database\Query\Builder.php(1377): Illuminate\Database\Connection->select('select * from `...', Array, true)
#5 C:\xampp\htdocs\Furbook\vendor\laravel\framework\src\Illuminate\Database\Query\Builder.php(1367): Illuminate\Database\Query\Builder->runSelect()
#6 C:\xampp\htdocs\Furbook\vendor\laravel\framework\src\Illuminate\Database\Query\Builder.php(1354): Illuminate\Database\Query\Builder->getFresh(Array)
#7 C:\xampp\htdocs\Furbook\vendor\laravel\framework\src\Illuminate\Database\Eloquent\Builder.php(380): Illuminate\Database\Query\Builder->get(Array)
#8 C:\xampp\htdocs\Furbook\vendor\laravel\framework\src\Illuminate\Database\Eloquent\Builder.php(162): Illuminate\Database\Eloquent\Builder->getModels(Array)
#9 C:\xampp\htdocs\Furbook\vendor\compiled.php(9735): Illuminate\Database\Eloquent\Builder->get(Array)
#10 C:\xampp\htdocs\Furbook\app\Http\routes.php(10): Illuminate\Database\Eloquent\Model::all()
#11 [internal function]: Furbook\Providers\RouteServiceProvider->{closure}()
#12 C:\xampp\htdocs\Furbook\vendor\compiled.php(7564): call_user_func_array(Object(Closure), Array)
#13 C:\xampp\htdocs\Furbook\vendor\compiled.php(7551): Illuminate\Routing\Route->runCallable(Object(Illuminate\Http\Request))
#14 C:\xampp\htdocs\Furbook\vendor\compiled.php(7219): Illuminate\Routing\Route->run(Object(Illuminate\Http\Request))
#15 [internal function]: Illuminate\Routing\Router->Illuminate\Routing\{closure}(Object(Illuminate\Http\Request))
#16 C:\xampp\htdocs\Furbook\vendor\compiled.php(9244): call_user_func(Object(Closure), Object(Illuminate\Http\Request))
#17 [internal function]: Illuminate\Pipeline\Pipeline->Illuminate\Pipeline\{closure}(Object(Illuminate\Http\Request))
#18 C:\xampp\htdocs\Furbook\vendor\compiled.php(9227): call_user_func(Object(Closure), Object(Illuminate\Http\Request))
#19 C:\xampp\htdocs\Furbook\vendor\compiled.php(7220): Illuminate\Pipeline\Pipeline->then(Object(Closure))
#20 C:\xampp\htdocs\Furbook\vendor\compiled.php(7209): Illuminate\Routing\Router->runRouteWithinStack(Object(Illuminate\Routing\Route), Object(Illuminate\Http\Request))
#21 C:\xampp\htdocs\Furbook\vendor\compiled.php(7194): Illuminate\Routing\Router->dispatchToRoute(Object(Illuminate\Http\Request))
#22 C:\xampp\htdocs\Furbook\vendor\compiled.php(2040): Illuminate\Routing\Router->dispatch(Object(Illuminate\Http\Request))
#23 [internal function]: Illuminate\Foundation\Http\Kernel->Illuminate\Foundation\Http\{closure}(Object(Illuminate\Http\Request))
#24 C:\xampp\htdocs\Furbook\vendor\compiled.php(9244): call_user_func(Object(Closure), Object(Illuminate\Http\Request))
#25 C:\xampp\htdocs\Furbook\vendor\compiled.php(2548): Illuminate\Pipeline\Pipeline->Illuminate\Pipeline\{closure}(Object(Illuminate\Http\Request))
#26 C:\xampp\htdocs\Furbook\app\Http\Middleware\VerifyCsrfToken.php(17): Illuminate\Foundation\Http\Middleware\VerifyCsrfToken->handle(Object(Illuminate\Http\Request), Object(Closure))
#27 C:\xampp\htdocs\Furbook\vendor\compiled.php(9236): Furbook\Http\Middleware\VerifyCsrfToken->handle(Object(Illuminate\Http\Request), Object(Closure))
#28 C:\xampp\htdocs\Furbook\vendor\compiled.php(12416): Illuminate\Pipeline\Pipeline->Illuminate\Pipeline\{closure}(Object(Illuminate\Http\Request))
#29 C:\xampp\htdocs\Furbook\vendor\compiled.php(9236): Illuminate\View\Middleware\ShareErrorsFromSession->handle(Object(Illuminate\Http\Request), Object(Closure))
#30 C:\xampp\htdocs\Furbook\vendor\compiled.php(11106): Illuminate\Pipeline\Pipeline->Illuminate\Pipeline\{closure}(Object(Illuminate\Http\Request))
#31 C:\xampp\htdocs\Furbook\vendor\compiled.php(9236): Illuminate\Session\Middleware\StartSession->handle(Object(Illuminate\Http\Request), Object(Closure))
#32 C:\xampp\htdocs\Furbook\vendor\compiled.php(12118): Illuminate\Pipeline\Pipeline->Illuminate\Pipeline\{closure}(Object(Illuminate\Http\Request))
#33 C:\xampp\htdocs\Furbook\vendor\compiled.php(9236): Illuminate\Cookie\Middleware\AddQueuedCookiesToResponse->handle(Object(Illuminate\Http\Request), Object(Closure))
#34 C:\xampp\htdocs\Furbook\vendor\compiled.php(12066): Illuminate\Pipeline\Pipeline->Illuminate\Pipeline\{closure}(Object(Illuminate\Http\Request))
#35 C:\xampp\htdocs\Furbook\vendor\compiled.php(9236): Illuminate\Cookie\Middleware\EncryptCookies->handle(Object(Illuminate\Http\Request), Object(Closure))
#36 C:\xampp\htdocs\Furbook\vendor\compiled.php(2589): Illuminate\Pipeline\Pipeline->Illuminate\Pipeline\{closure}(Object(Illuminate\Http\Request))
#37 C:\xampp\htdocs\Furbook\vendor\compiled.php(9236): Illuminate\Foundation\Http\Middleware\CheckForMaintenanceMode->handle(Object(Illuminate\Http\Request), Object(Closure))
#38 [internal function]: Illuminate\Pipeline\Pipeline->Illuminate\Pipeline\{closure}(Object(Illuminate\Http\Request))
#39 C:\xampp\htdocs\Furbook\vendor\compiled.php(9227): call_user_func(Object(Closure), Object(Illuminate\Http\Request))
#40 C:\xampp\htdocs\Furbook\vendor\compiled.php(1996): Illuminate\Pipeline\Pipeline->then(Object(Closure))
#41 C:\xampp\htdocs\Furbook\vendor\compiled.php(1983): Illuminate\Foundation\Http\Kernel->sendRequestThroughRouter(Object(Illuminate\Http\Request))
#42 C:\xampp\htdocs\Furbook\public\index.php(53): Illuminate\Foundation\Http\Kernel->handle(Object(Illuminate\Http\Request))
#43 {main}

Next exception 'Illuminate\Database\QueryException' with message 'SQLSTATE[42S02]: Base table or view not found: 1146 Table 'laressentials.cats' doesn't exist (SQL: select * from `cats`)' in C:\xampp\htdocs\Furbook\vendor\laravel\framework\src\Illuminate\Database\Connection.php:624
Stack trace:
#0 C:\xampp\htdocs\Furbook\vendor\laravel\framework\src\Illuminate\Database\Connection.php(580): Illuminate\Database\Connection->runQueryCallback('select * from `...', Array, Object(Closure))
#1 C:\xampp\htdocs\Furbook\vendor\laravel\framework\src\Illuminate\Database\Connection.php(297): Illuminate\Database\Connection->run('select * from `...', Array, Object(Closure))
#2 C:\xampp\htdocs\Furbook\vendor\laravel\framework\src\Illuminate\Database\Query\Builder.php(1377): Illuminate\Database\Connection->select('select * from `...', Array, true)
#3 C:\xampp\htdocs\Furbook\vendor\laravel\framework\src\Illuminate\Database\Query\Builder.php(1367): Illuminate\Database\Query\Builder->runSelect()
#4 C:\xampp\htdocs\Furbook\vendor\laravel\framework\src\Illuminate\Database\Query\Builder.php(1354): Illuminate\Database\Query\Builder->getFresh(Array)
#5 C:\xampp\htdocs\Furbook\vendor\laravel\framework\src\Illuminate\Database\Eloquent\Builder.php(380): Illuminate\Database\Query\Builder->get(Array)
#6 C:\xampp\htdocs\Furbook\vendor\laravel\framework\src\Illuminate\Database\Eloquent\Builder.php(162): Illuminate\Database\Eloquent\Builder->getModels(Array)
#7 C:\xampp\htdocs\Furbook\vendor\compiled.php(9735): Illuminate\Database\Eloquent\Builder->get(Array)
#8 C:\xampp\htdocs\Furbook\app\Http\routes.php(10): Illuminate\Database\Eloquent\Model::all()
#9 [internal function]: Furbook\Providers\RouteServiceProvider->{closure}()
#10 C:\xampp\htdocs\Furbook\vendor\compiled.php(7564): call_user_func_array(Object(Closure), Array)
#11 C:\xampp\htdocs\Furbook\vendor\compiled.php(7551): Illuminate\Routing\Route->runCallable(Object(Illuminate\Http\Request))
#12 C:\xampp\htdocs\Furbook\vendor\compiled.php(7219): Illuminate\Routing\Route->run(Object(Illuminate\Http\Request))
#13 [internal function]: Illuminate\Routing\Router->Illuminate\Routing\{closure}(Object(Illuminate\Http\Request))
#14 C:\xampp\htdocs\Furbook\vendor\compiled.php(9244): call_user_func(Object(Closure), Object(Illuminate\Http\Request))
#15 [internal function]: Illuminate\Pipeline\Pipeline->Illuminate\Pipeline\{closure}(Object(Illuminate\Http\Request))
#16 C:\xampp\htdocs\Furbook\vendor\compiled.php(9227): call_user_func(Object(Closure), Object(Illuminate\Http\Request))
#17 C:\xampp\htdocs\Furbook\vendor\compiled.php(7220): Illuminate\Pipeline\Pipeline->then(Object(Closure))
#18 C:\xampp\htdocs\Furbook\vendor\compiled.php(7209): Illuminate\Routing\Router->runRouteWithinStack(Object(Illuminate\Routing\Route), Object(Illuminate\Http\Request))
#19 C:\xampp\htdocs\Furbook\vendor\compiled.php(7194): Illuminate\Routing\Router->dispatchToRoute(Object(Illuminate\Http\Request))
#20 C:\xampp\htdocs\Furbook\vendor\compiled.php(2040): Illuminate\Routing\Router->dispatch(Object(Illuminate\Http\Request))
#21 [internal function]: Illuminate\Foundation\Http\Kernel->Illuminate\Foundation\Http\{closure}(Object(Illuminate\Http\Request))
#22 C:\xampp\htdocs\Furbook\vendor\compiled.php(9244): call_user_func(Object(Closure), Object(Illuminate\Http\Request))
#23 C:\xampp\htdocs\Furbook\vendor\compiled.php(2548): Illuminate\Pipeline\Pipeline->Illuminate\Pipeline\{closure}(Object(Illuminate\Http\Request))
#24 C:\xampp\htdocs\Furbook\app\Http\Middleware\VerifyCsrfToken.php(17): Illuminate\Foundation\Http\Middleware\VerifyCsrfToken->handle(Object(Illuminate\Http\Request), Object(Closure))
#25 C:\xampp\htdocs\Furbook\vendor\compiled.php(9236): Furbook\Http\Middleware\VerifyCsrfToken->handle(Object(Illuminate\Http\Request), Object(Closure))
#26 C:\xampp\htdocs\Furbook\vendor\compiled.php(12416): Illuminate\Pipeline\Pipeline->Illuminate\Pipeline\{closure}(Object(Illuminate\Http\Request))
#27 C:\xampp\htdocs\Furbook\vendor\compiled.php(9236): Illuminate\View\Middleware\ShareErrorsFromSession->handle(Object(Illuminate\Http\Request), Object(Closure))
#28 C:\xampp\htdocs\Furbook\vendor\compiled.php(11106): Illuminate\Pipeline\Pipeline->Illuminate\Pipeline\{closure}(Object(Illuminate\Http\Request))
#29 C:\xampp\htdocs\Furbook\vendor\compiled.php(9236): Illuminate\Session\Middleware\StartSession->handle(Object(Illuminate\Http\Request), Object(Closure))
#30 C:\xampp\htdocs\Furbook\vendor\compiled.php(12118): Illuminate\Pipeline\Pipeline->Illuminate\Pipeline\{closure}(Object(Illuminate\Http\Request))
#31 C:\xampp\htdocs\Furbook\vendor\compiled.php(9236): Illuminate\Cookie\Middleware\AddQueuedCookiesToResponse->handle(Object(Illuminate\Http\Request), Object(Closure))
#32 C:\xampp\htdocs\Furbook\vendor\compiled.php(12066): Illuminate\Pipeline\Pipeline->Illuminate\Pipeline\{closure}(Object(Illuminate\Http\Request))
#33 C:\xampp\htdocs\Furbook\vendor\compiled.php(9236): Illuminate\Cookie\Middleware\EncryptCookies->handle(Object(Illuminate\Http\Request), Object(Closure))
#34 C:\xampp\htdocs\Furbook\vendor\compiled.php(2589): Illuminate\Pipeline\Pipeline->Illuminate\Pipeline\{closure}(Object(Illuminate\Http\Request))
#35 C:\xampp\htdocs\Furbook\vendor\compiled.php(9236): Illuminate\Foundation\Http\Middleware\CheckForMaintenanceMode->handle(Object(Illuminate\Http\Request), Object(Closure))
#36 [internal function]: Illuminate\Pipeline\Pipeline->Illuminate\Pipeline\{closure}(Object(Illuminate\Http\Request))
#37 C:\xampp\htdocs\Furbook\vendor\compiled.php(9227): call_user_func(Object(Closure), Object(Illuminate\Http\Request))
#38 C:\xampp\htdocs\Furbook\vendor\compiled.php(1996): Illuminate\Pipeline\Pipeline->then(Object(Closure))
#39 C:\xampp\htdocs\Furbook\vendor\compiled.php(1983): Illuminate\Foundation\Http\Kernel->sendRequestThroughRouter(Object(Illuminate\Http\Request))
#40 C:\xampp\htdocs\Furbook\public\index.php(53): Illuminate\Foundation\Http\Kernel->handle(Object(Illuminate\Http\Request))
#41 {main}  
[2018-03-01 22:11:47] local.ERROR: exception 'PDOException' with message 'SQLSTATE[42S01]: Base table or view already exists: 1050 Table 'users' already exists' in C:\xampp\htdocs\Furbook\vendor\laravel\framework\src\Illuminate\Database\Connection.php:362
Stack trace:
#0 C:\xampp\htdocs\Furbook\vendor\laravel\framework\src\Illuminate\Database\Connection.php(362): PDOStatement->execute(Array)
#1 C:\xampp\htdocs\Furbook\vendor\laravel\framework\src\Illuminate\Database\Connection.php(616): Illuminate\Database\Connection->Illuminate\Database\{closure}(Object(Illuminate\Database\MySqlConnection), 'create table `u...', Array)
#2 C:\xampp\htdocs\Furbook\vendor\laravel\framework\src\Illuminate\Database\Connection.php(580): Illuminate\Database\Connection->runQueryCallback('create table `u...', Array, Object(Closure))
#3 C:\xampp\htdocs\Furbook\vendor\laravel\framework\src\Illuminate\Database\Connection.php(363): Illuminate\Database\Connection->run('create table `u...', Array, Object(Closure))
#4 C:\xampp\htdocs\Furbook\vendor\laravel\framework\src\Illuminate\Database\Schema\Blueprint.php(63): Illuminate\Database\Connection->statement('create table `u...')
#5 C:\xampp\htdocs\Furbook\vendor\laravel\framework\src\Illuminate\Database\Schema\Builder.php(188): Illuminate\Database\Schema\Blueprint->build(Object(Illuminate\Database\MySqlConnection), Object(Illuminate\Database\Schema\Grammars\MySqlGrammar))
#6 C:\xampp\htdocs\Furbook\vendor\laravel\framework\src\Illuminate\Database\Schema\Builder.php(131): Illuminate\Database\Schema\Builder->build(Object(Illuminate\Database\Schema\Blueprint))
#7 C:\xampp\htdocs\Furbook\vendor\compiled.php(5486): Illuminate\Database\Schema\Builder->create('users', Object(Closure))
#8 C:\xampp\htdocs\Furbook\database\migrations\2014_10_12_000000_create_users_table.php(23): Illuminate\Support\Facades\Facade::__callStatic('create', Array)
#9 C:\xampp\htdocs\Furbook\database\migrations\2014_10_12_000000_create_users_table.php(23): Illuminate\Support\Facades\Schema::create('users', Object(Closure))
#10 C:\xampp\htdocs\Furbook\vendor\laravel\framework\src\Illuminate\Database\Migrations\Migrator.php(135): CreateUsersTable->up()
#11 C:\xampp\htdocs\Furbook\vendor\laravel\framework\src\Illuminate\Database\Migrations\Migrator.php(111): Illuminate\Database\Migrations\Migrator->runUp('2014_10_12_0000...', 1, false)
#12 C:\xampp\htdocs\Furbook\vendor\laravel\framework\src\Illuminate\Database\Migrations\Migrator.php(82): Illuminate\Database\Migrations\Migrator->runMigrationList(Array, false)
#13 C:\xampp\htdocs\Furbook\vendor\laravel\framework\src\Illuminate\Database\Console\Migrations\MigrateCommand.php(73): Illuminate\Database\Migrations\Migrator->run('C:\\xampp\\htdocs...', false)
#14 [internal function]: Illuminate\Database\Console\Migrations\MigrateCommand->fire()
#15 C:\xampp\htdocs\Furbook\vendor\compiled.php(964): call_user_func_array(Array, Array)
#16 C:\xampp\htdocs\Furbook\vendor\laravel\framework\src\Illuminate\Console\Command.php(115): Illuminate\Container\Container->call(Array)
#17 C:\xampp\htdocs\Furbook\vendor\symfony\console\Symfony\Component\Console\Command\Command.php(257): Illuminate\Console\Command->execute(Object(Symfony\Component\Console\Input\ArgvInput), Object(Symfony\Component\Console\Output\ConsoleOutput))
#18 C:\xampp\htdocs\Furbook\vendor\laravel\framework\src\Illuminate\Console\Command.php(101): Symfony\Component\Console\Command\Command->run(Object(Symfony\Component\Console\Input\ArgvInput), Object(Symfony\Component\Console\Output\ConsoleOutput))
#19 C:\xampp\htdocs\Furbook\vendor\symfony\console\Symfony\Component\Console\Application.php(874): Illuminate\Console\Command->run(Object(Symfony\Component\Console\Input\ArgvInput), Object(Symfony\Component\Console\Output\ConsoleOutput))
#20 C:\xampp\htdocs\Furbook\vendor\symfony\console\Symfony\Component\Console\Application.php(195): Symfony\Component\Console\Application->doRunCommand(Object(Illuminate\Database\Console\Migrations\MigrateCommand), Object(Symfony\Component\Console\Input\ArgvInput), Object(Symfony\Component\Console\Output\ConsoleOutput))
#21 C:\xampp\htdocs\Furbook\vendor\symfony\console\Symfony\Component\Console\Application.php(126): Symfony\Component\Console\Application->doRun(Object(Symfony\Component\Console\Input\ArgvInput), Object(Symfony\Component\Console\Output\ConsoleOutput))
#22 C:\xampp\htdocs\Furbook\vendor\laravel\framework\src\Illuminate\Foundation\Console\Kernel.php(94): Symfony\Component\Console\Application->run(Object(Symfony\Component\Console\Input\ArgvInput), Object(Symfony\Component\Console\Output\ConsoleOutput))
#23 C:\xampp\htdocs\Furbook\artisan(36): Illuminate\Foundation\Console\Kernel->handle(Object(Symfony\Component\Console\Input\ArgvInput), Object(Symfony\Component\Console\Output\ConsoleOutput))
#24 {main}

Next exception 'Illuminate\Database\QueryException' with message 'SQLSTATE[42S01]: Base table or view already exists: 1050 Table 'users' already exists (SQL: create table `users` (`id` int unsigned not null auto_increment primary key, `name` varchar(255) not null, `email` varchar(255) not null, `password` varchar(60) not null, `remember_token` varchar(100) null, `created_at` timestamp default 0 not null, `updated_at` timestamp default 0 not null) default character set utf8 collate utf8_unicode_ci)' in C:\xampp\htdocs\Furbook\vendor\laravel\framework\src\Illuminate\Database\Connection.php:624
Stack trace:
#0 C:\xampp\htdocs\Furbook\vendor\laravel\framework\src\Illuminate\Database\Connection.php(580): Illuminate\Database\Connection->runQueryCallback('create table `u...', Array, Object(Closure))
#1 C:\xampp\htdocs\Furbook\vendor\laravel\framework\src\Illuminate\Database\Connection.php(363): Illuminate\Database\Connection->run('create table `u...', Array, Object(Closure))
#2 C:\xampp\htdocs\Furbook\vendor\laravel\framework\src\Illuminate\Database\Schema\Blueprint.php(63): Illuminate\Database\Connection->statement('create table `u...')
#3 C:\xampp\htdocs\Furbook\vendor\laravel\framework\src\Illuminate\Database\Schema\Builder.php(188): Illuminate\Database\Schema\Blueprint->build(Object(Illuminate\Database\MySqlConnection), Object(Illuminate\Database\Schema\Grammars\MySqlGrammar))
#4 C:\xampp\htdocs\Furbook\vendor\laravel\framework\src\Illuminate\Database\Schema\Builder.php(131): Illuminate\Database\Schema\Builder->build(Object(Illuminate\Database\Schema\Blueprint))
#5 C:\xampp\htdocs\Furbook\vendor\compiled.php(5486): Illuminate\Database\Schema\Builder->create('users', Object(Closure))
#6 C:\xampp\htdocs\Furbook\database\migrations\2014_10_12_000000_create_users_table.php(23): Illuminate\Support\Facades\Facade::__callStatic('create', Array)
#7 C:\xampp\htdocs\Furbook\database\migrations\2014_10_12_000000_create_users_table.php(23): Illuminate\Support\Facades\Schema::create('users', Object(Closure))
#8 C:\xampp\htdocs\Furbook\vendor\laravel\framework\src\Illuminate\Database\Migrations\Migrator.php(135): CreateUsersTable->up()
#9 C:\xampp\htdocs\Furbook\vendor\laravel\framework\src\Illuminate\Database\Migrations\Migrator.php(111): Illuminate\Database\Migrations\Migrator->runUp('2014_10_12_0000...', 1, false)
#10 C:\xampp\htdocs\Furbook\vendor\laravel\framework\src\Illuminate\Database\Migrations\Migrator.php(82): Illuminate\Database\Migrations\Migrator->runMigrationList(Array, false)
#11 C:\xampp\htdocs\Furbook\vendor\laravel\framework\src\Illuminate\Database\Console\Migrations\MigrateCommand.php(73): Illuminate\Database\Migrations\Migrator->run('C:\\xampp\\htdocs...', false)
#12 [internal function]: Illuminate\Database\Console\Migrations\MigrateCommand->fire()
#13 C:\xampp\htdocs\Furbook\vendor\compiled.php(964): call_user_func_array(Array, Array)
#14 C:\xampp\htdocs\Furbook\vendor\laravel\framework\src\Illuminate\Console\Command.php(115): Illuminate\Container\Container->call(Array)
#15 C:\xampp\htdocs\Furbook\vendor\symfony\console\Symfony\Component\Console\Command\Command.php(257): Illuminate\Console\Command->execute(Object(Symfony\Component\Console\Input\ArgvInput), Object(Symfony\Component\Console\Output\ConsoleOutput))
#16 C:\xampp\htdocs\Furbook\vendor\laravel\framework\src\Illuminate\Console\Command.php(101): Symfony\Component\Console\Command\Command->run(Object(Symfony\Component\Console\Input\ArgvInput), Object(Symfony\Component\Console\Output\ConsoleOutput))
#17 C:\xampp\htdocs\Furbook\vendor\symfony\console\Symfony\Component\Console\Application.php(874): Illuminate\Console\Command->run(Object(Symfony\Component\Console\Input\ArgvInput), Object(Symfony\Component\Console\Output\ConsoleOutput))
#18 C:\xampp\htdocs\Furbook\vendor\symfony\console\Symfony\Component\Console\Application.php(195): Symfony\Component\Console\Application->doRunCommand(Object(Illuminate\Database\Console\Migrations\MigrateCommand), Object(Symfony\Component\Console\Input\ArgvInput), Object(Symfony\Component\Console\Output\ConsoleOutput))
#19 C:\xampp\htdocs\Furbook\vendor\symfony\console\Symfony\Component\Console\Application.php(126): Symfony\Component\Console\Application->doRun(Object(Symfony\Component\Console\Input\ArgvInput), Object(Symfony\Component\Console\Output\ConsoleOutput))
#20 C:\xampp\htdocs\Furbook\vendor\laravel\framework\src\Illuminate\Foundation\Console\Kernel.php(94): Symfony\Component\Console\Application->run(Object(Symfony\Component\Console\Input\ArgvInput), Object(Symfony\Component\Console\Output\ConsoleOutput))
#21 C:\xampp\htdocs\Furbook\artisan(36): Illuminate\Foundation\Console\Kernel->handle(Object(Symfony\Component\Console\Input\ArgvInput), Object(Symfony\Component\Console\Output\ConsoleOutput))
#22 {main}  
[2018-03-01 22:13:18] local.ERROR: exception 'PDOException' with message 'SQLSTATE[42S01]: Base table or view already exists: 1050 Table 'users' already exists' in C:\xampp\htdocs\Furbook\vendor\laravel\framework\src\Illuminate\Database\Connection.php:362
Stack trace:
#0 C:\xampp\htdocs\Furbook\vendor\laravel\framework\src\Illuminate\Database\Connection.php(362): PDOStatement->execute(Array)
#1 C:\xampp\htdocs\Furbook\vendor\laravel\framework\src\Illuminate\Database\Connection.php(616): Illuminate\Database\Connection->Illuminate\Database\{closure}(Object(Illuminate\Database\MySqlConnection), 'create table `u...', Array)
#2 C:\xampp\htdocs\Furbook\vendor\laravel\framework\src\Illuminate\Database\Connection.php(580): Illuminate\Database\Connection->runQueryCallback('create table `u...', Array, Object(Closure))
#3 C:\xampp\htdocs\Furbook\vendor\laravel\framework\src\Illuminate\Database\Connection.php(363): Illuminate\Database\Connection->run('create table `u...', Array, Object(Closure))
#4 C:\xampp\htdocs\Furbook\vendor\laravel\framework\src\Illuminate\Database\Schema\Blueprint.php(63): Illuminate\Database\Connection->statement('create table `u...')
#5 C:\xampp\htdocs\Furbook\vendor\laravel\framework\src\Illuminate\Database\Schema\Builder.php(188): Illuminate\Database\Schema\Blueprint->build(Object(Illuminate\Database\MySqlConnection), Object(Illuminate\Database\Schema\Grammars\MySqlGrammar))
#6 C:\xampp\htdocs\Furbook\vendor\laravel\framework\src\Illuminate\Database\Schema\Builder.php(131): Illuminate\Database\Schema\Builder->build(Object(Illuminate\Database\Schema\Blueprint))
#7 C:\xampp\htdocs\Furbook\vendor\compiled.php(5486): Illuminate\Database\Schema\Builder->create('users', Object(Closure))
#8 C:\xampp\htdocs\Furbook\database\migrations\2014_10_12_000000_create_users_table.php(23): Illuminate\Support\Facades\Facade::__callStatic('create', Array)
#9 C:\xampp\htdocs\Furbook\database\migrations\2014_10_12_000000_create_users_table.php(23): Illuminate\Support\Facades\Schema::create('users', Object(Closure))
#10 C:\xampp\htdocs\Furbook\vendor\laravel\framework\src\Illuminate\Database\Migrations\Migrator.php(135): CreateUsersTable->up()
#11 C:\xampp\htdocs\Furbook\vendor\laravel\framework\src\Illuminate\Database\Migrations\Migrator.php(111): Illuminate\Database\Migrations\Migrator->runUp('2014_10_12_0000...', 1, false)
#12 C:\xampp\htdocs\Furbook\vendor\laravel\framework\src\Illuminate\Database\Migrations\Migrator.php(82): Illuminate\Database\Migrations\Migrator->runMigrationList(Array, false)
#13 C:\xampp\htdocs\Furbook\vendor\laravel\framework\src\Illuminate\Database\Console\Migrations\MigrateCommand.php(73): Illuminate\Database\Migrations\Migrator->run('C:\\xampp\\htdocs...', false)
#14 [internal function]: Illuminate\Database\Console\Migrations\MigrateCommand->fire()
#15 C:\xampp\htdocs\Furbook\vendor\compiled.php(964): call_user_func_array(Array, Array)
#16 C:\xampp\htdocs\Furbook\vendor\laravel\framework\src\Illuminate\Console\Command.php(115): Illuminate\Container\Container->call(Array)
#17 C:\xampp\htdocs\Furbook\vendor\symfony\console\Symfony\Component\Console\Command\Command.php(257): Illuminate\Console\Command->execute(Object(Symfony\Component\Console\Input\ArgvInput), Object(Symfony\Component\Console\Output\ConsoleOutput))
#18 C:\xampp\htdocs\Furbook\vendor\laravel\framework\src\Illuminate\Console\Command.php(101): Symfony\Component\Console\Command\Command->run(Object(Symfony\Component\Console\Input\ArgvInput), Object(Symfony\Component\Console\Output\ConsoleOutput))
#19 C:\xampp\htdocs\Furbook\vendor\symfony\console\Symfony\Component\Console\Application.php(874): Illuminate\Console\Command->run(Object(Symfony\Component\Console\Input\ArgvInput), Object(Symfony\Component\Console\Output\ConsoleOutput))
#20 C:\xampp\htdocs\Furbook\vendor\symfony\console\Symfony\Component\Console\Application.php(195): Symfony\Component\Console\Application->doRunCommand(Object(Illuminate\Database\Console\Migrations\MigrateCommand), Object(Symfony\Component\Console\Input\ArgvInput), Object(Symfony\Component\Console\Output\ConsoleOutput))
#21 C:\xampp\htdocs\Furbook\vendor\symfony\console\Symfony\Component\Console\Application.php(126): Symfony\Component\Console\Application->doRun(Object(Symfony\Component\Console\Input\ArgvInput), Object(Symfony\Component\Console\Output\ConsoleOutput))
#22 C:\xampp\htdocs\Furbook\vendor\laravel\framework\src\Illuminate\Foundation\Console\Kernel.php(94): Symfony\Component\Console\Application->run(Object(Symfony\Component\Console\Input\ArgvInput), Object(Symfony\Component\Console\Output\ConsoleOutput))
#23 C:\xampp\htdocs\Furbook\artisan(36): Illuminate\Foundation\Console\Kernel->handle(Object(Symfony\Component\Console\Input\ArgvInput), Object(Symfony\Component\Console\Output\ConsoleOutput))
#24 {main}

Next exception 'Illuminate\Database\QueryException' with message 'SQLSTATE[42S01]: Base table or view already exists: 1050 Table 'users' already exists (SQL: create table `users` (`id` int unsigned not null auto_increment primary key, `name` varchar(255) not null, `email` varchar(255) not null, `password` varchar(60) not null, `remember_token` varchar(100) null, `created_at` timestamp default 0 not null, `updated_at` timestamp default 0 not null) default character set utf8 collate utf8_unicode_ci)' in C:\xampp\htdocs\Furbook\vendor\laravel\framework\src\Illuminate\Database\Connection.php:624
Stack trace:
#0 C:\xampp\htdocs\Furbook\vendor\laravel\framework\src\Illuminate\Database\Connection.php(580): Illuminate\Database\Connection->runQueryCallback('create table `u...', Array, Object(Closure))
#1 C:\xampp\htdocs\Furbook\vendor\laravel\framework\src\Illuminate\Database\Connection.php(363): Illuminate\Database\Connection->run('create table `u...', Array, Object(Closure))
#2 C:\xampp\htdocs\Furbook\vendor\laravel\framework\src\Illuminate\Database\Schema\Blueprint.php(63): Illuminate\Database\Connection->statement('create table `u...')
#3 C:\xampp\htdocs\Furbook\vendor\laravel\framework\src\Illuminate\Database\Schema\Builder.php(188): Illuminate\Database\Schema\Blueprint->build(Object(Illuminate\Database\MySqlConnection), Object(Illuminate\Database\Schema\Grammars\MySqlGrammar))
#4 C:\xampp\htdocs\Furbook\vendor\laravel\framework\src\Illuminate\Database\Schema\Builder.php(131): Illuminate\Database\Schema\Builder->build(Object(Illuminate\Database\Schema\Blueprint))
#5 C:\xampp\htdocs\Furbook\vendor\compiled.php(5486): Illuminate\Database\Schema\Builder->create('users', Object(Closure))
#6 C:\xampp\htdocs\Furbook\database\migrations\2014_10_12_000000_create_users_table.php(23): Illuminate\Support\Facades\Facade::__callStatic('create', Array)
#7 C:\xampp\htdocs\Furbook\database\migrations\2014_10_12_000000_create_users_table.php(23): Illuminate\Support\Facades\Schema::create('users', Object(Closure))
#8 C:\xampp\htdocs\Furbook\vendor\laravel\framework\src\Illuminate\Database\Migrations\Migrator.php(135): CreateUsersTable->up()
#9 C:\xampp\htdocs\Furbook\vendor\laravel\framework\src\Illuminate\Database\Migrations\Migrator.php(111): Illuminate\Database\Migrations\Migrator->runUp('2014_10_12_0000...', 1, false)
#10 C:\xampp\htdocs\Furbook\vendor\laravel\framework\src\Illuminate\Database\Migrations\Migrator.php(82): Illuminate\Database\Migrations\Migrator->runMigrationList(Array, false)
#11 C:\xampp\htdocs\Furbook\vendor\laravel\framework\src\Illuminate\Database\Console\Migrations\MigrateCommand.php(73): Illuminate\Database\Migrations\Migrator->run('C:\\xampp\\htdocs...', false)
#12 [internal function]: Illuminate\Database\Console\Migrations\MigrateCommand->fire()
#13 C:\xampp\htdocs\Furbook\vendor\compiled.php(964): call_user_func_array(Array, Array)
#14 C:\xampp\htdocs\Furbook\vendor\laravel\framework\src\Illuminate\Console\Command.php(115): Illuminate\Container\Container->call(Array)
#15 C:\xampp\htdocs\Furbook\vendor\symfony\console\Symfony\Component\Console\Command\Command.php(257): Illuminate\Console\Command->execute(Object(Symfony\Component\Console\Input\ArgvInput), Object(Symfony\Component\Console\Output\ConsoleOutput))
#16 C:\xampp\htdocs\Furbook\vendor\laravel\framework\src\Illuminate\Console\Command.php(101): Symfony\Component\Console\Command\Command->run(Object(Symfony\Component\Console\Input\ArgvInput), Object(Symfony\Component\Console\Output\ConsoleOutput))
#17 C:\xampp\htdocs\Furbook\vendor\symfony\console\Symfony\Component\Console\Application.php(874): Illuminate\Console\Command->run(Object(Symfony\Component\Console\Input\ArgvInput), Object(Symfony\Component\Console\Output\ConsoleOutput))
#18 C:\xampp\htdocs\Furbook\vendor\symfony\console\Symfony\Component\Console\Application.php(195): Symfony\Component\Console\Application->doRunCommand(Object(Illuminate\Database\Console\Migrations\MigrateCommand), Object(Symfony\Component\Console\Input\ArgvInput), Object(Symfony\Component\Console\Output\ConsoleOutput))
#19 C:\xampp\htdocs\Furbook\vendor\symfony\console\Symfony\Component\Console\Application.php(126): Symfony\Component\Console\Application->doRun(Object(Symfony\Component\Console\Input\ArgvInput), Object(Symfony\Component\Console\Output\ConsoleOutput))
#20 C:\xampp\htdocs\Furbook\vendor\laravel\framework\src\Illuminate\Foundation\Console\Kernel.php(94): Symfony\Component\Console\Application->run(Object(Symfony\Component\Console\Input\ArgvInput), Object(Symfony\Component\Console\Output\ConsoleOutput))
#21 C:\xampp\htdocs\Furbook\artisan(36): Illuminate\Foundation\Console\Kernel->handle(Object(Symfony\Component\Console\Input\ArgvInput), Object(Symfony\Component\Console\Output\ConsoleOutput))
#22 {main}  
[2018-03-01 22:13:50] local.ERROR: exception 'ErrorException' with message 'mcrypt_encrypt(): Key of size 51 not supported by this algorithm. Only keys of sizes 16, 24 or 32 supported' in C:\xampp\htdocs\Furbook\vendor\compiled.php:12153
Stack trace:
#0 [internal function]: Illuminate\Foundation\Bootstrap\HandleExceptions->handleError(2, 'mcrypt_encrypt(...', 'C:\\xampp\\htdocs...', 12153, Array)
#1 C:\xampp\htdocs\Furbook\vendor\compiled.php(12153): mcrypt_encrypt('rijndael-128', 'base64:BVMeo48B...', 's:40:"FclEzx0EG...', 'cbc', '\x85\x8B~\x95i\x97\x97\x1E\xE7\x00s\xB2\f\xB6~...')
#2 C:\xampp\htdocs\Furbook\vendor\compiled.php(12146): Illuminate\Encryption\Encrypter->padAndMcrypt('FclEzx0EGySDd2D...', '\x85\x8B~\x95i\x97\x97\x1E\xE7\x00s\xB2\f\xB6~...')
#3 C:\xampp\htdocs\Furbook\vendor\compiled.php(12094): Illuminate\Encryption\Encrypter->encrypt('FclEzx0EGySDd2D...')
#4 C:\xampp\htdocs\Furbook\vendor\compiled.php(12066): Illuminate\Cookie\Middleware\EncryptCookies->encrypt(Object(Illuminate\Http\Response))
#5 C:\xampp\htdocs\Furbook\vendor\compiled.php(9236): Illuminate\Cookie\Middleware\EncryptCookies->handle(Object(Illuminate\Http\Request), Object(Closure))
#6 C:\xampp\htdocs\Furbook\vendor\compiled.php(2589): Illuminate\Pipeline\Pipeline->Illuminate\Pipeline\{closure}(Object(Illuminate\Http\Request))
#7 C:\xampp\htdocs\Furbook\vendor\compiled.php(9236): Illuminate\Foundation\Http\Middleware\CheckForMaintenanceMode->handle(Object(Illuminate\Http\Request), Object(Closure))
#8 [internal function]: Illuminate\Pipeline\Pipeline->Illuminate\Pipeline\{closure}(Object(Illuminate\Http\Request))
#9 C:\xampp\htdocs\Furbook\vendor\compiled.php(9227): call_user_func(Object(Closure), Object(Illuminate\Http\Request))
#10 C:\xampp\htdocs\Furbook\vendor\compiled.php(1996): Illuminate\Pipeline\Pipeline->then(Object(Closure))
#11 C:\xampp\htdocs\Furbook\vendor\compiled.php(1983): Illuminate\Foundation\Http\Kernel->sendRequestThroughRouter(Object(Illuminate\Http\Request))
#12 C:\xampp\htdocs\Furbook\public\index.php(53): Illuminate\Foundation\Http\Kernel->handle(Object(Illuminate\Http\Request))
#13 {main}  
[2018-03-01 22:15:52] local.ERROR: exception 'ErrorException' with message 'Trying to get property of non-object' in C:\xampp\htdocs\Furbook\storage\framework\views\303489141a92644949c4e326c2b97349:17
Stack trace:
#0 C:\xampp\htdocs\Furbook\storage\framework\views\303489141a92644949c4e326c2b97349(17): Illuminate\Foundation\Bootstrap\HandleExceptions->handleError(8, 'Trying to get p...', 'C:\\xampp\\htdocs...', 17, Array)
#1 C:\xampp\htdocs\Furbook\vendor\compiled.php(14194): include('C:\\xampp\\htdocs...')
#2 C:\xampp\htdocs\Furbook\vendor\compiled.php(14228): Illuminate\View\Engines\PhpEngine->evaluatePath('C:\\xampp\\htdocs...', Array)
#3 C:\xampp\htdocs\Furbook\vendor\compiled.php(14065): Illuminate\View\Engines\CompilerEngine->get('C:\\xampp\\htdocs...', Array)
#4 C:\xampp\htdocs\Furbook\vendor\compiled.php(14052): Illuminate\View\View->getContents()
#5 C:\xampp\htdocs\Furbook\vendor\compiled.php(14039): Illuminate\View\View->renderContents()
#6 C:\xampp\htdocs\Furbook\vendor\compiled.php(15148): Illuminate\View\View->render()
#7 C:\xampp\htdocs\Furbook\vendor\compiled.php(14674): Illuminate\Http\Response->setContent(Object(Illuminate\View\View))
#8 C:\xampp\htdocs\Furbook\vendor\compiled.php(7419): Symfony\Component\HttpFoundation\Response->__construct(Object(Illuminate\View\View))
#9 C:\xampp\htdocs\Furbook\vendor\compiled.php(7219): Illuminate\Routing\Router->prepareResponse(Object(Illuminate\Http\Request), Object(Illuminate\View\View))
#10 [internal function]: Illuminate\Routing\Router->Illuminate\Routing\{closure}(Object(Illuminate\Http\Request))
#11 C:\xampp\htdocs\Furbook\vendor\compiled.php(9244): call_user_func(Object(Closure), Object(Illuminate\Http\Request))
#12 [internal function]: Illuminate\Pipeline\Pipeline->Illuminate\Pipeline\{closure}(Object(Illuminate\Http\Request))
#13 C:\xampp\htdocs\Furbook\vendor\compiled.php(9227): call_user_func(Object(Closure), Object(Illuminate\Http\Request))
#14 C:\xampp\htdocs\Furbook\vendor\compiled.php(7220): Illuminate\Pipeline\Pipeline->then(Object(Closure))
#15 C:\xampp\htdocs\Furbook\vendor\compiled.php(7209): Illuminate\Routing\Router->runRouteWithinStack(Object(Illuminate\Routing\Route), Object(Illuminate\Http\Request))
#16 C:\xampp\htdocs\Furbook\vendor\compiled.php(7194): Illuminate\Routing\Router->dispatchToRoute(Object(Illuminate\Http\Request))
#17 C:\xampp\htdocs\Furbook\vendor\compiled.php(2040): Illuminate\Routing\Router->dispatch(Object(Illuminate\Http\Request))
#18 [internal function]: Illuminate\Foundation\Http\Kernel->Illuminate\Foundation\Http\{closure}(Object(Illuminate\Http\Request))
#19 C:\xampp\htdocs\Furbook\vendor\compiled.php(9244): call_user_func(Object(Closure), Object(Illuminate\Http\Request))
#20 C:\xampp\htdocs\Furbook\vendor\compiled.php(2548): Illuminate\Pipeline\Pipeline->Illuminate\Pipeline\{closure}(Object(Illuminate\Http\Request))
#21 C:\xampp\htdocs\Furbook\app\Http\Middleware\VerifyCsrfToken.php(17): Illuminate\Foundation\Http\Middleware\VerifyCsrfToken->handle(Object(Illuminate\Http\Request), Object(Closure))
#22 C:\xampp\htdocs\Furbook\vendor\compiled.php(9236): Furbook\Http\Middleware\VerifyCsrfToken->handle(Object(Illuminate\Http\Request), Object(Closure))
#23 C:\xampp\htdocs\Furbook\vendor\compiled.php(12416): Illuminate\Pipeline\Pipeline->Illuminate\Pipeline\{closure}(Object(Illuminate\Http\Request))
#24 C:\xampp\htdocs\Furbook\vendor\compiled.php(9236): Illuminate\View\Middleware\ShareErrorsFromSession->handle(Object(Illuminate\Http\Request), Object(Closure))
#25 C:\xampp\htdocs\Furbook\vendor\compiled.php(11106): Illuminate\Pipeline\Pipeline->Illuminate\Pipeline\{closure}(Object(Illuminate\Http\Request))
#26 C:\xampp\htdocs\Furbook\vendor\compiled.php(9236): Illuminate\Session\Middleware\StartSession->handle(Object(Illuminate\Http\Request), Object(Closure))
#27 C:\xampp\htdocs\Furbook\vendor\compiled.php(12118): Illuminate\Pipeline\Pipeline->Illuminate\Pipeline\{closure}(Object(Illuminate\Http\Request))
#28 C:\xampp\htdocs\Furbook\vendor\compiled.php(9236): Illuminate\Cookie\Middleware\AddQueuedCookiesToResponse->handle(Object(Illuminate\Http\Request), Object(Closure))
#29 C:\xampp\htdocs\Furbook\vendor\compiled.php(12066): Illuminate\Pipeline\Pipeline->Illuminate\Pipeline\{closure}(Object(Illuminate\Http\Request))
#30 C:\xampp\htdocs\Furbook\vendor\compiled.php(9236): Illuminate\Cookie\Middleware\EncryptCookies->handle(Object(Illuminate\Http\Request), Object(Closure))
#31 C:\xampp\htdocs\Furbook\vendor\compiled.php(2589): Illuminate\Pipeline\Pipeline->Illuminate\Pipeline\{closure}(Object(Illuminate\Http\Request))
#32 C:\xampp\htdocs\Furbook\vendor\compiled.php(9236): Illuminate\Foundation\Http\Middleware\CheckForMaintenanceMode->handle(Object(Illuminate\Http\Request), Object(Closure))
#33 [internal function]: Illuminate\Pipeline\Pipeline->Illuminate\Pipeline\{closure}(Object(Illuminate\Http\Request))
#34 C:\xampp\htdocs\Furbook\vendor\compiled.php(9227): call_user_func(Object(Closure), Object(Illuminate\Http\Request))
#35 C:\xampp\htdocs\Furbook\vendor\compiled.php(1996): Illuminate\Pipeline\Pipeline->then(Object(Closure))
#36 C:\xampp\htdocs\Furbook\vendor\compiled.php(1983): Illuminate\Foundation\Http\Kernel->sendRequestThroughRouter(Object(Illuminate\Http\Request))
#37 C:\xampp\htdocs\Furbook\public\index.php(53): Illuminate\Foundation\Http\Kernel->handle(Object(Illuminate\Http\Request))
#38 {main}

Next exception 'ErrorException' with message 'Trying to get property of non-object (View: C:\xampp\htdocs\Furbook\resources\views\cats\index.blade.php)' in C:\xampp\htdocs\Furbook\storage\framework\views\303489141a92644949c4e326c2b97349:17
Stack trace:
#0 C:\xampp\htdocs\Furbook\vendor\compiled.php(14196): Illuminate\View\Engines\CompilerEngine->handleViewException(Object(ErrorException), 1)
#1 C:\xampp\htdocs\Furbook\vendor\compiled.php(14228): Illuminate\View\Engines\PhpEngine->evaluatePath('C:\\xampp\\htdocs...', Array)
#2 C:\xampp\htdocs\Furbook\vendor\compiled.php(14065): Illuminate\View\Engines\CompilerEngine->get('C:\\xampp\\htdocs...', Array)
#3 C:\xampp\htdocs\Furbook\vendor\compiled.php(14052): Illuminate\View\View->getContents()
#4 C:\xampp\htdocs\Furbook\vendor\compiled.php(14039): Illuminate\View\View->renderContents()
#5 C:\xampp\htdocs\Furbook\vendor\compiled.php(15148): Illuminate\View\View->render()
#6 C:\xampp\htdocs\Furbook\vendor\compiled.php(14674): Illuminate\Http\Response->setContent(Object(Illuminate\View\View))
#7 C:\xampp\htdocs\Furbook\vendor\compiled.php(7419): Symfony\Component\HttpFoundation\Response->__construct(Object(Illuminate\View\View))
#8 C:\xampp\htdocs\Furbook\vendor\compiled.php(7219): Illuminate\Routing\Router->prepareResponse(Object(Illuminate\Http\Request), Object(Illuminate\View\View))
#9 [internal function]: Illuminate\Routing\Router->Illuminate\Routing\{closure}(Object(Illuminate\Http\Request))
#10 C:\xampp\htdocs\Furbook\vendor\compiled.php(9244): call_user_func(Object(Closure), Object(Illuminate\Http\Request))
#11 [internal function]: Illuminate\Pipeline\Pipeline->Illuminate\Pipeline\{closure}(Object(Illuminate\Http\Request))
#12 C:\xampp\htdocs\Furbook\vendor\compiled.php(9227): call_user_func(Object(Closure), Object(Illuminate\Http\Request))
#13 C:\xampp\htdocs\Furbook\vendor\compiled.php(7220): Illuminate\Pipeline\Pipeline->then(Object(Closure))
#14 C:\xampp\htdocs\Furbook\vendor\compiled.php(7209): Illuminate\Routing\Router->runRouteWithinStack(Object(Illuminate\Routing\Route), Object(Illuminate\Http\Request))
#15 C:\xampp\htdocs\Furbook\vendor\compiled.php(7194): Illuminate\Routing\Router->dispatchToRoute(Object(Illuminate\Http\Request))
#16 C:\xampp\htdocs\Furbook\vendor\compiled.php(2040): Illuminate\Routing\Router->dispatch(Object(Illuminate\Http\Request))
#17 [internal function]: Illuminate\Foundation\Http\Kernel->Illuminate\Foundation\Http\{closure}(Object(Illuminate\Http\Request))
#18 C:\xampp\htdocs\Furbook\vendor\compiled.php(9244): call_user_func(Object(Closure), Object(Illuminate\Http\Request))
#19 C:\xampp\htdocs\Furbook\vendor\compiled.php(2548): Illuminate\Pipeline\Pipeline->Illuminate\Pipeline\{closure}(Object(Illuminate\Http\Request))
#20 C:\xampp\htdocs\Furbook\app\Http\Middleware\VerifyCsrfToken.php(17): Illuminate\Foundation\Http\Middleware\VerifyCsrfToken->handle(Object(Illuminate\Http\Request), Object(Closure))
#21 C:\xampp\htdocs\Furbook\vendor\compiled.php(9236): Furbook\Http\Middleware\VerifyCsrfToken->handle(Object(Illuminate\Http\Request), Object(Closure))
#22 C:\xampp\htdocs\Furbook\vendor\compiled.php(12416): Illuminate\Pipeline\Pipeline->Illuminate\Pipeline\{closure}(Object(Illuminate\Http\Request))
#23 C:\xampp\htdocs\Furbook\vendor\compiled.php(9236): Illuminate\View\Middleware\ShareErrorsFromSession->handle(Object(Illuminate\Http\Request), Object(Closure))
#24 C:\xampp\htdocs\Furbook\vendor\compiled.php(11106): Illuminate\Pipeline\Pipeline->Illuminate\Pipeline\{closure}(Object(Illuminate\Http\Request))
#25 C:\xampp\htdocs\Furbook\vendor\compiled.php(9236): Illuminate\Session\Middleware\StartSession->handle(Object(Illuminate\Http\Request), Object(Closure))
#26 C:\xampp\htdocs\Furbook\vendor\compiled.php(12118): Illuminate\Pipeline\Pipeline->Illuminate\Pipeline\{closure}(Object(Illuminate\Http\Request))
#27 C:\xampp\htdocs\Furbook\vendor\compiled.php(9236): Illuminate\Cookie\Middleware\AddQueuedCookiesToResponse->handle(Object(Illuminate\Http\Request), Object(Closure))
#28 C:\xampp\htdocs\Furbook\vendor\compiled.php(12066): Illuminate\Pipeline\Pipeline->Illuminate\Pipeline\{closure}(Object(Illuminate\Http\Request))
#29 C:\xampp\htdocs\Furbook\vendor\compiled.php(9236): Illuminate\Cookie\Middleware\EncryptCookies->handle(Object(Illuminate\Http\Request), Object(Closure))
#30 C:\xampp\htdocs\Furbook\vendor\compiled.php(2589): Illuminate\Pipeline\Pipeline->Illuminate\Pipeline\{closure}(Object(Illuminate\Http\Request))
#31 C:\xampp\htdocs\Furbook\vendor\compiled.php(9236): Illuminate\Foundation\Http\Middleware\CheckForMaintenanceMode->handle(Object(Illuminate\Http\Request), Object(Closure))
#32 [internal function]: Illuminate\Pipeline\Pipeline->Illuminate\Pipeline\{closure}(Object(Illuminate\Http\Request))
#33 C:\xampp\htdocs\Furbook\vendor\compiled.php(9227): call_user_func(Object(Closure), Object(Illuminate\Http\Request))
#34 C:\xampp\htdocs\Furbook\vendor\compiled.php(1996): Illuminate\Pipeline\Pipeline->then(Object(Closure))
#35 C:\xampp\htdocs\Furbook\vendor\compiled.php(1983): Illuminate\Foundation\Http\Kernel->sendRequestThroughRouter(Object(Illuminate\Http\Request))
#36 C:\xampp\htdocs\Furbook\public\index.php(53): Illuminate\Foundation\Http\Kernel->handle(Object(Illuminate\Http\Request))
#37 {main}  
